{"/home/alecsi/projects/study/cc-ca/ccat_project_aula1/src/cpfValidator/cpfAfter.ts": {"path":"/home/alecsi/projects/study/cc-ca/ccat_project_aula1/src/cpfValidator/cpfAfter.ts","statementMap":{"0":{"start":{"line":2,"column":4},"end":{"line":8,"column":null}},"1":{"start":{"line":3,"column":23},"end":{"line":3,"column":45}},"2":{"start":{"line":4,"column":6},"end":{"line":4,"column":82}},"3":{"start":{"line":4,"column":70},"end":{"line":4,"column":82}},"4":{"start":{"line":5,"column":6},"end":{"line":5,"column":19}},"5":{"start":{"line":7,"column":6},"end":{"line":7,"column":19}},"6":{"start":{"line":1,"column":0},"end":{"line":1,"column":16}},"7":{"start":{"line":12,"column":23},"end":{"line":12,"column":53}},"8":{"start":{"line":13,"column":4},"end":{"line":15,"column":null}},"9":{"start":{"line":14,"column":8},"end":{"line":14,"column":26}},"10":{"start":{"line":16,"column":6},"end":{"line":16,"column":48}},"11":{"start":{"line":11,"column":0},"end":{"line":11,"column":16}},"12":{"start":{"line":20,"column":27},"end":{"line":20,"column":45}},"13":{"start":{"line":21,"column":24},"end":{"line":21,"column":52}},"14":{"start":{"line":22,"column":27},"end":{"line":22,"column":28}},"15":{"start":{"line":23,"column":4},"end":{"line":26,"column":null}},"16":{"start":{"line":24,"column":23},"end":{"line":24,"column":68}},"17":{"start":{"line":25,"column":8},"end":{"line":25,"column":28}},"18":{"start":{"line":27,"column":24},"end":{"line":27,"column":38}},"19":{"start":{"line":28,"column":4},"end":{"line":28,"column":49}},"20":{"start":{"line":29,"column":4},"end":{"line":29,"column":59}},"21":{"start":{"line":29,"column":25},"end":{"line":29,"column":59}},"22":{"start":{"line":30,"column":4},"end":{"line":30,"column":64}},"23":{"start":{"line":19,"column":0},"end":{"line":19,"column":16}}},"fnMap":{"0":{"name":"validateCpf","decl":{"start":{"line":1,"column":16},"end":{"line":1,"column":27}},"loc":{"start":{"line":1,"column":45},"end":{"line":9,"column":3}}},"1":{"name":"cleanString","decl":{"start":{"line":11,"column":16},"end":{"line":11,"column":27}},"loc":{"start":{"line":11,"column":38},"end":{"line":17,"column":1}}},"2":{"name":"isDigitCorrect","decl":{"start":{"line":19,"column":16},"end":{"line":19,"column":30}},"loc":{"start":{"line":19,"column":55},"end":{"line":31,"column":1}}}},"branchMap":{"0":{"loc":{"start":{"line":4,"column":6},"end":{"line":4,"column":82}},"type":"if","locations":[{"start":{"line":4,"column":6},"end":{"line":4,"column":82}}]},"1":{"loc":{"start":{"line":4,"column":10},"end":{"line":4,"column":68}},"type":"binary-expr","locations":[{"start":{"line":4,"column":10},"end":{"line":4,"column":37}},{"start":{"line":4,"column":41},"end":{"line":4,"column":68}}]},"2":{"loc":{"start":{"line":13,"column":4},"end":{"line":15,"column":null}},"type":"if","locations":[{"start":{"line":13,"column":4},"end":{"line":15,"column":null}}]},"3":{"loc":{"start":{"line":20,"column":27},"end":{"line":20,"column":45}},"type":"cond-expr","locations":[{"start":{"line":20,"column":39},"end":{"line":20,"column":40}},{"start":{"line":20,"column":43},"end":{"line":20,"column":45}}]},"4":{"loc":{"start":{"line":29,"column":4},"end":{"line":29,"column":59}},"type":"if","locations":[{"start":{"line":29,"column":4},"end":{"line":29,"column":59}}]}},"s":{"0":6,"1":6,"2":4,"3":2,"4":2,"5":2,"6":2,"7":8,"8":8,"9":5,"10":3,"11":2,"12":11,"13":11,"14":11,"15":11,"16":104,"17":104,"18":11,"19":11,"20":11,"21":0,"22":11,"23":2},"f":{"0":6,"1":8,"2":11},"b":{"0":[2],"1":[4,3],"2":[5],"3":[6,5],"4":[0]}}
,"/home/alecsi/projects/study/cc-ca/ccat_project_aula1/src/entities/Coupon.ts": {"path":"/home/alecsi/projects/study/cc-ca/ccat_project_aula1/src/entities/Coupon.ts","statementMap":{"0":{"start":{"line":7,"column":4},"end":{"line":11,"column":null}},"1":{"start":{"line":8,"column":6},"end":{"line":10,"column":8}},"2":{"start":{"line":12,"column":4},"end":{"line":12,"column":21}},"3":{"start":{"line":13,"column":4},"end":{"line":13,"column":25}},"4":{"start":{"line":14,"column":4},"end":{"line":14,"column":33}},"5":{"start":{"line":18,"column":4},"end":{"line":20,"column":null}},"6":{"start":{"line":19,"column":6},"end":{"line":19,"column":30}},"7":{"start":{"line":21,"column":4},"end":{"line":21,"column":43}},"8":{"start":{"line":25,"column":4},"end":{"line":27,"column":null}},"9":{"start":{"line":26,"column":6},"end":{"line":26,"column":34}},"10":{"start":{"line":28,"column":4},"end":{"line":28,"column":43}},"11":{"start":{"line":1,"column":0},"end":{"line":1,"column":13}}},"fnMap":{"0":{"name":"(anonymous_0)","decl":{"start":{"line":6,"column":2},"end":{"line":6,"column":14}},"loc":{"start":{"line":6,"column":62},"end":{"line":15,"column":3}}},"1":{"name":"(anonymous_1)","decl":{"start":{"line":17,"column":9},"end":{"line":17,"column":18}},"loc":{"start":{"line":17,"column":31},"end":{"line":22,"column":3}}},"2":{"name":"(anonymous_2)","decl":{"start":{"line":24,"column":9},"end":{"line":24,"column":22}},"loc":{"start":{"line":24,"column":35},"end":{"line":29,"column":3}}}},"branchMap":{"0":{"loc":{"start":{"line":7,"column":4},"end":{"line":11,"column":null}},"type":"if","locations":[{"start":{"line":7,"column":4},"end":{"line":11,"column":null}}]},"1":{"loc":{"start":{"line":7,"column":8},"end":{"line":7,"column":40}},"type":"binary-expr","locations":[{"start":{"line":7,"column":8},"end":{"line":7,"column":20}},{"start":{"line":7,"column":24},"end":{"line":7,"column":40}}]},"2":{"loc":{"start":{"line":18,"column":4},"end":{"line":20,"column":null}},"type":"if","locations":[{"start":{"line":18,"column":4},"end":{"line":20,"column":null}}]},"3":{"loc":{"start":{"line":19,"column":13},"end":{"line":19,"column":29}},"type":"binary-expr","locations":[{"start":{"line":19,"column":13},"end":{"line":19,"column":24}},{"start":{"line":19,"column":28},"end":{"line":19,"column":29}}]},"4":{"loc":{"start":{"line":25,"column":4},"end":{"line":27,"column":null}},"type":"if","locations":[{"start":{"line":25,"column":4},"end":{"line":27,"column":null}}]},"5":{"loc":{"start":{"line":26,"column":13},"end":{"line":26,"column":33}},"type":"binary-expr","locations":[{"start":{"line":26,"column":13},"end":{"line":26,"column":28}},{"start":{"line":26,"column":32},"end":{"line":26,"column":33}}]}},"s":{"0":3,"1":1,"2":2,"3":2,"4":2,"5":1,"6":1,"7":0,"8":1,"9":1,"10":0,"11":1},"f":{"0":3,"1":1,"2":1},"b":{"0":[1],"1":[3,2],"2":[1],"3":[1,0],"4":[1],"5":[1,0]}}
,"/home/alecsi/projects/study/cc-ca/ccat_project_aula1/src/entities/Order.ts": {"path":"/home/alecsi/projects/study/cc-ca/ccat_project_aula1/src/entities/Order.ts","statementMap":{"0":{"start":{"line":1,"column":0},"end":{"line":1,"column":55}},"1":{"start":{"line":10,"column":10},"end":{"line":10,"column":39}},"2":{"start":{"line":11,"column":10},"end":{"line":11,"column":37}},"3":{"start":{"line":12,"column":10},"end":{"line":12,"column":34}},"4":{"start":{"line":16,"column":4},"end":{"line":16,"column":75}},"5":{"start":{"line":16,"column":34},"end":{"line":16,"column":75}},"6":{"start":{"line":19,"column":4},"end":{"line":19,"column":35}},"7":{"start":{"line":20,"column":4},"end":{"line":20,"column":29}},"8":{"start":{"line":21,"column":4},"end":{"line":21,"column":25}},"9":{"start":{"line":22,"column":4},"end":{"line":22,"column":35}},"10":{"start":{"line":26,"column":4},"end":{"line":29,"column":null}},"11":{"start":{"line":27,"column":6},"end":{"line":27,"column":42}},"12":{"start":{"line":28,"column":6},"end":{"line":28,"column":48}},"13":{"start":{"line":30,"column":4},"end":{"line":30,"column":67}},"14":{"start":{"line":34,"column":4},"end":{"line":34,"column":28}},"15":{"start":{"line":5,"column":0},"end":{"line":5,"column":13}}},"fnMap":{"0":{"name":"(anonymous_0)","decl":{"start":{"line":14,"column":2},"end":{"line":14,"column":14}},"loc":{"start":{"line":14,"column":91},"end":{"line":23,"column":3}}},"1":{"name":"(anonymous_1)","decl":{"start":{"line":25,"column":9},"end":{"line":25,"column":29}},"loc":{"start":{"line":25,"column":29},"end":{"line":31,"column":3}}},"2":{"name":"(anonymous_2)","decl":{"start":{"line":33,"column":9},"end":{"line":33,"column":23}},"loc":{"start":{"line":33,"column":23},"end":{"line":35,"column":3}}}},"branchMap":{"0":{"loc":{"start":{"line":16,"column":4},"end":{"line":16,"column":75}},"type":"if","locations":[{"start":{"line":16,"column":4},"end":{"line":16,"column":75}}]},"1":{"loc":{"start":{"line":20,"column":17},"end":{"line":20,"column":28}},"type":"binary-expr","locations":[{"start":{"line":20,"column":17},"end":{"line":20,"column":22}},{"start":{"line":20,"column":26},"end":{"line":20,"column":28}}]}},"s":{"0":1,"1":2,"2":2,"3":2,"4":2,"5":1,"6":1,"7":1,"8":1,"9":1,"10":0,"11":0,"12":0,"13":0,"14":0,"15":1},"f":{"0":2,"1":0,"2":0},"b":{"0":[1],"1":[1,1]}}
,"/home/alecsi/projects/study/cc-ca/ccat_project_aula1/src/entities/OrderItem.ts": {"path":"/home/alecsi/projects/study/cc-ca/ccat_project_aula1/src/entities/OrderItem.ts","statementMap":{"0":{"start":{"line":8,"column":8},"end":{"line":8,"column":39}},"1":{"start":{"line":9,"column":8},"end":{"line":9,"column":27}},"2":{"start":{"line":10,"column":8},"end":{"line":10,"column":43}},"3":{"start":{"line":1,"column":0},"end":{"line":1,"column":13}}},"fnMap":{"0":{"name":"(anonymous_0)","decl":{"start":{"line":7,"column":4},"end":{"line":7,"column":16}},"loc":{"start":{"line":7,"column":72},"end":{"line":11,"column":5}}}},"branchMap":{},"s":{"0":2,"1":2,"2":2,"3":1},"f":{"0":2},"b":{}}
}
