TN:
SF:src/cpfValidator/cpfAfter.ts
FN:1,validateCpf
FN:11,cleanString
FN:19,isDigitCorrect
FNF:3
FNH:3
FNDA:6,validateCpf
FNDA:8,cleanString
FNDA:11,isDigitCorrect
DA:1,2
DA:2,6
DA:3,6
DA:4,4
DA:5,2
DA:7,2
DA:11,2
DA:12,8
DA:13,8
DA:14,5
DA:16,3
DA:19,2
DA:20,11
DA:21,11
DA:22,11
DA:23,11
DA:24,104
DA:25,104
DA:27,11
DA:28,11
DA:29,11
DA:30,11
LF:22
LH:22
BRDA:4,0,0,2
BRDA:4,1,0,4
BRDA:4,1,1,3
BRDA:13,2,0,5
BRDA:20,3,0,6
BRDA:20,3,1,5
BRDA:29,4,0,0
BRF:7
BRH:6
end_of_record
TN:
SF:src/entities/Coupon.ts
FN:6,(anonymous_0)
FN:17,(anonymous_1)
FN:24,(anonymous_2)
FNF:3
FNH:3
FNDA:3,(anonymous_0)
FNDA:1,(anonymous_1)
FNDA:1,(anonymous_2)
DA:1,1
DA:7,3
DA:8,1
DA:12,2
DA:13,2
DA:14,2
DA:18,1
DA:19,1
DA:21,0
DA:25,1
DA:26,1
DA:28,0
LF:12
LH:10
BRDA:7,0,0,1
BRDA:7,1,0,3
BRDA:7,1,1,2
BRDA:18,2,0,1
BRDA:19,3,0,1
BRDA:19,3,1,0
BRDA:25,4,0,1
BRDA:26,5,0,1
BRDA:26,5,1,0
BRF:9
BRH:7
end_of_record
TN:
SF:src/entities/Order.ts
FN:14,(anonymous_0)
FN:25,(anonymous_1)
FN:33,(anonymous_2)
FNF:3
FNH:1
FNDA:2,(anonymous_0)
FNDA:0,(anonymous_1)
FNDA:0,(anonymous_2)
DA:1,1
DA:5,1
DA:10,2
DA:11,2
DA:12,2
DA:16,2
DA:19,1
DA:20,1
DA:21,1
DA:22,1
DA:26,0
DA:27,0
DA:28,0
DA:30,0
DA:34,0
LF:15
LH:10
BRDA:16,0,0,1
BRDA:20,1,0,1
BRDA:20,1,1,1
BRF:3
BRH:3
end_of_record
TN:
SF:src/entities/OrderItem.ts
FN:7,(anonymous_0)
FNF:1
FNH:1
FNDA:2,(anonymous_0)
DA:1,1
DA:8,2
DA:9,2
DA:10,2
LF:4
LH:4
BRF:0
BRH:0
end_of_record
